<?xml version="1.0" encoding="UTF-8"?>
<testsuite xmlns:xsi="http://www.w3.org/2001/XMLSchema-instance" xsi:noNamespaceSchemaLocation="https://maven.apache.org/surefire/maven-surefire-plugin/xsd/surefire-test-report.xsd" name="com.nnk.springboot.service.CurvePointServiceTest" time="0.317" tests="9" errors="0" skipped="0" failures="0">
  <properties>
[...]
</properties>
  <testcase name="testSaveCurvePoint_Null" classname="com.nnk.springboot.service.CurvePointServiceTest" time="0.042"/>
  <testcase name="testDeleteCurvePointById_False" classname="com.nnk.springboot.service.CurvePointServiceTest" time="0.03"/>
  <testcase name="testSaveCurvePoint" classname="com.nnk.springboot.service.CurvePointServiceTest" time="0.032"/>
  <testcase name="testGetAllCurvePoint" classname="com.nnk.springboot.service.CurvePointServiceTest" time="0.031"/>
  <testcase name="testGetCurvePointById_Null" classname="com.nnk.springboot.service.CurvePointServiceTest" time="0.03"/>
  <testcase name="testGetCurvePointById" classname="com.nnk.springboot.service.CurvePointServiceTest" time="0.035"/>
  <testcase name="testUpdateCurvePoint" classname="com.nnk.springboot.service.CurvePointServiceTest" time="0.047"/>
  <testcase name="testDeleteCurvePointById" classname="com.nnk.springboot.service.CurvePointServiceTest" time="0.03"/>
  <testcase name="testUpdateCurvePoint_Null" classname="com.nnk.springboot.service.CurvePointServiceTest" time="0.025"/>
</testsuite>